{"uuid":"4a44a7dd-5f9e-456b-addf-baf70378232a","historyId":"931869521aecd02d5a9518ff3b99defd","fullName":"Dashboard Page: Validate navigation bar text","labels":[{"name":"tag","value":"DashBoard"},{"name":"tag","value":"NavigationBarText"},{"name":"host","value":"deepika-evo"},{"name":"thread","value":"32464@deepika-evo.main(1)"},{"name":"feature","value":"Dashboard Page"},{"name":"story","value":"Validate navigation bar text"},{"name":"suite","value":"Dashboard Page"},{"name":"testClass","value":"Validate navigation bar text"},{"name":"framework","value":"cucumber4jvm"},{"name":"language","value":"java"},{"name":"gherkin_uri","value":"file:///C:/Users/sreej/git/Frameworkstruture/Team17hackathon/src/test/resources/features/008_Dashboard.feature"},{"name":"package","value":"src.test.resources.features.008_Dashboard_feature.Dashboard Page"}],"links":[],"name":"Validate navigation bar text","status":"failed","statusDetails":{"known":false,"muted":false,"flaky":false,"message":"expected [] but found [Please login to LMS application]","trace":"java.lang.AssertionError: expected [] but found [Please login to LMS application]\r\n\tat org.testng.Assert.fail(Assert.java:97)\r\n\tat org.testng.Assert.assertEqualsImpl(Assert.java:136)\r\n\tat org.testng.Assert.assertEquals(Assert.java:118)\r\n\tat org.testng.Assert.assertEquals(Assert.java:575)\r\n\tat org.testng.Assert.assertEquals(Assert.java:585)\r\n\tat page_objects.LoginPage.validateLoginPage(LoginPage.java:51)\r\n\tat step_definitions.Login_SD.admin_is_in_login_page(Login_SD.java:104)\r\n\tat ✽.Admin is in login page(file:///C:/Users/sreej/git/Frameworkstruture/Team17hackathon/src/test/resources/features/008_Dashboard.feature:6)\r\n"},"stage":"finished","steps":[{"name":"Given  Admin is in login page","status":"failed","statusDetails":{"known":false,"muted":false,"flaky":false,"message":"expected [] but found [Please login to LMS application]","trace":"java.lang.AssertionError: expected [] but found [Please login to LMS application]\r\n\tat org.testng.Assert.fail(Assert.java:97)\r\n\tat org.testng.Assert.assertEqualsImpl(Assert.java:136)\r\n\tat org.testng.Assert.assertEquals(Assert.java:118)\r\n\tat org.testng.Assert.assertEquals(Assert.java:575)\r\n\tat org.testng.Assert.assertEquals(Assert.java:585)\r\n\tat page_objects.LoginPage.validateLoginPage(LoginPage.java:51)\r\n\tat step_definitions.Login_SD.admin_is_in_login_page(Login_SD.java:104)\r\n\tat ✽.Admin is in login page(file:///C:/Users/sreej/git/Frameworkstruture/Team17hackathon/src/test/resources/features/008_Dashboard.feature:6)\r\n"},"stage":"finished","steps":[],"attachments":[],"parameters":[],"start":1694576042606,"stop":1694576042613},{"name":"When  Admin enter valid credentials  and clicks login button","status":"skipped","statusDetails":{"known":false,"muted":false,"flaky":false},"stage":"finished","steps":[],"attachments":[],"parameters":[],"start":1694576042614,"stop":1694576042614},{"name":"Then  Admin should see correct spelling in navigation bar text","status":"skipped","statusDetails":{"known":false,"muted":false,"flaky":false},"stage":"finished","steps":[],"attachments":[],"parameters":[],"start":1694576042614,"stop":1694576042615}],"attachments":[],"parameters":[],"start":1694576042603,"stop":1694576042615}