{"uuid":"4aa2e84a-71b6-4eaa-bc37-661fdd0cb454","historyId":"ecc926396b5be98781fcd63ebf2ee1b","fullName":"Login Page Validation: Validate login with valid credentials","labels":[{"name":"tag","value":"LoginValid"},{"name":"host","value":"deepika-evo"},{"name":"thread","value":"21452@deepika-evo.main(1)"},{"name":"feature","value":"Login Page Validation"},{"name":"story","value":"Validate login with valid credentials"},{"name":"suite","value":"Login Page Validation"},{"name":"testClass","value":"Validate login with valid credentials"},{"name":"framework","value":"cucumber4jvm"},{"name":"language","value":"java"},{"name":"gherkin_uri","value":"file:///C:/Users/sreej/git/Frameworkstruture/Team17hackathon/src/test/resources/features/003_LoginPage.feature"},{"name":"package","value":"src.test.resources.features.003_LoginPage_feature.Login Page Validation"}],"links":[],"name":"Validate login with valid credentials","status":"failed","statusDetails":{"known":false,"muted":false,"flaky":false,"message":"expected [] but found [Please login to LMS application]","trace":"java.lang.AssertionError: expected [] but found [Please login to LMS application]\r\n\tat org.testng.Assert.fail(Assert.java:97)\r\n\tat org.testng.Assert.assertEqualsImpl(Assert.java:136)\r\n\tat org.testng.Assert.assertEquals(Assert.java:118)\r\n\tat org.testng.Assert.assertEquals(Assert.java:575)\r\n\tat org.testng.Assert.assertEquals(Assert.java:585)\r\n\tat page_objects.LoginPage.validateLoginPage(LoginPage.java:51)\r\n\tat step_definitions.Login_SD.admin_is_in_login_page(Login_SD.java:104)\r\n\tat ✽.Admin is in login page(file:///C:/Users/sreej/git/Frameworkstruture/Team17hackathon/src/test/resources/features/003_LoginPage.feature:4)\r\n"},"stage":"finished","steps":[{"name":"Given  Admin is in login page","status":"failed","statusDetails":{"known":false,"muted":false,"flaky":false,"message":"expected [] but found [Please login to LMS application]","trace":"java.lang.AssertionError: expected [] but found [Please login to LMS application]\r\n\tat org.testng.Assert.fail(Assert.java:97)\r\n\tat org.testng.Assert.assertEqualsImpl(Assert.java:136)\r\n\tat org.testng.Assert.assertEquals(Assert.java:118)\r\n\tat org.testng.Assert.assertEquals(Assert.java:575)\r\n\tat org.testng.Assert.assertEquals(Assert.java:585)\r\n\tat page_objects.LoginPage.validateLoginPage(LoginPage.java:51)\r\n\tat step_definitions.Login_SD.admin_is_in_login_page(Login_SD.java:104)\r\n\tat ✽.Admin is in login page(file:///C:/Users/sreej/git/Frameworkstruture/Team17hackathon/src/test/resources/features/003_LoginPage.feature:4)\r\n"},"stage":"finished","steps":[],"attachments":[],"parameters":[],"start":1694579360551,"stop":1694579360557},{"name":"When  Admin enter valid credentials  and clicks login button","status":"skipped","statusDetails":{"known":false,"muted":false,"flaky":false},"stage":"finished","steps":[],"attachments":[],"parameters":[],"start":1694579360558,"stop":1694579360558},{"name":"Then  Admin should land on dashboard page","status":"skipped","statusDetails":{"known":false,"muted":false,"flaky":false},"stage":"finished","steps":[],"attachments":[],"parameters":[],"start":1694579360558,"stop":1694579360558}],"attachments":[],"parameters":[],"start":1694579360546,"stop":1694579360558}