{"uuid":"5ebcf738-cf35-438c-b771-426952fef66e","historyId":"d7dbede5b603908ec1802a4c1cf53fee","fullName":"Dashboard Page: Verify the response time","labels":[{"name":"tag","value":"DashBoard"},{"name":"tag","value":"ResponseTime"},{"name":"host","value":"deepika-evo"},{"name":"thread","value":"32464@deepika-evo.main(1)"},{"name":"feature","value":"Dashboard Page"},{"name":"story","value":"Verify the response time"},{"name":"suite","value":"Dashboard Page"},{"name":"testClass","value":"Verify the response time"},{"name":"framework","value":"cucumber4jvm"},{"name":"language","value":"java"},{"name":"gherkin_uri","value":"file:///C:/Users/sreej/git/Frameworkstruture/Team17hackathon/src/test/resources/features/008_Dashboard.feature"},{"name":"package","value":"src.test.resources.features.008_Dashboard_feature.Dashboard Page"}],"links":[],"name":"Verify the response time","status":"failed","statusDetails":{"known":false,"muted":false,"flaky":false,"message":"expected [] but found [Please login to LMS application]","trace":"java.lang.AssertionError: expected [] but found [Please login to LMS application]\r\n\tat org.testng.Assert.fail(Assert.java:97)\r\n\tat org.testng.Assert.assertEqualsImpl(Assert.java:136)\r\n\tat org.testng.Assert.assertEquals(Assert.java:118)\r\n\tat org.testng.Assert.assertEquals(Assert.java:575)\r\n\tat org.testng.Assert.assertEquals(Assert.java:585)\r\n\tat page_objects.LoginPage.validateLoginPage(LoginPage.java:51)\r\n\tat step_definitions.Login_SD.admin_is_in_login_page(Login_SD.java:104)\r\n\tat ✽.Admin is in login page(file:///C:/Users/sreej/git/Frameworkstruture/Team17hackathon/src/test/resources/features/008_Dashboard.feature:6)\r\n"},"stage":"finished","steps":[{"name":"Given  Admin is in login page","status":"failed","statusDetails":{"known":false,"muted":false,"flaky":false,"message":"expected [] but found [Please login to LMS application]","trace":"java.lang.AssertionError: expected [] but found [Please login to LMS application]\r\n\tat org.testng.Assert.fail(Assert.java:97)\r\n\tat org.testng.Assert.assertEqualsImpl(Assert.java:136)\r\n\tat org.testng.Assert.assertEquals(Assert.java:118)\r\n\tat org.testng.Assert.assertEquals(Assert.java:575)\r\n\tat org.testng.Assert.assertEquals(Assert.java:585)\r\n\tat page_objects.LoginPage.validateLoginPage(LoginPage.java:51)\r\n\tat step_definitions.Login_SD.admin_is_in_login_page(Login_SD.java:104)\r\n\tat ✽.Admin is in login page(file:///C:/Users/sreej/git/Frameworkstruture/Team17hackathon/src/test/resources/features/008_Dashboard.feature:6)\r\n"},"stage":"finished","steps":[],"attachments":[],"parameters":[],"start":1694576042510,"stop":1694576042517},{"name":"When  Admin enter valid credentials  and clicks login button","status":"skipped","statusDetails":{"known":false,"muted":false,"flaky":false},"stage":"finished","steps":[],"attachments":[],"parameters":[],"start":1694576042518,"stop":1694576042518},{"name":"Then  Maximum navigation time in milliseconds, defaults to 30 seconds","status":"skipped","statusDetails":{"known":false,"muted":false,"flaky":false},"stage":"finished","steps":[],"attachments":[],"parameters":[],"start":1694576042519,"stop":1694576042519}],"attachments":[],"parameters":[],"start":1694576042508,"stop":1694576042520}