{"uuid":"703370f1-ec76-4e45-8d4c-973cbcb08631","historyId":"891b7f9cc3900b8a778afc5969165090","fullName":"Forgot username /password: Verify text spelling","labels":[{"name":"tag","value":"TextSpelling"},{"name":"host","value":"deepika-evo"},{"name":"thread","value":"36540@deepika-evo.main(1)"},{"name":"feature","value":"Forgot username /password"},{"name":"story","value":"Verify text spelling"},{"name":"suite","value":"Forgot username /password"},{"name":"testClass","value":"Verify text spelling"},{"name":"framework","value":"cucumber4jvm"},{"name":"language","value":"java"},{"name":"gherkin_uri","value":"file:///C:/Users/sreej/git/Frameworkstruture/Team17hackathon/src/test/resources/features/004_ForgotUsernamePwd.feature"},{"name":"package","value":"src.test.resources.features.004_ForgotUsernamePwd_feature.Forgot username /password"}],"links":[],"name":"Verify text spelling","status":"failed","statusDetails":{"known":false,"muted":false,"flaky":false,"message":"expected [Heroku | Application Error] but found [Please login to LMS application]","trace":"java.lang.AssertionError: expected [Heroku | Application Error] but found [Please login to LMS application]\r\n\tat org.testng.Assert.fail(Assert.java:97)\r\n\tat org.testng.Assert.assertEqualsImpl(Assert.java:136)\r\n\tat org.testng.Assert.assertEquals(Assert.java:118)\r\n\tat org.testng.Assert.assertEquals(Assert.java:575)\r\n\tat org.testng.Assert.assertEquals(Assert.java:585)\r\n\tat page_objects.LoginPage.validateLoginPage(LoginPage.java:51)\r\n\tat step_definitions.Login_SD.admin_is_in_login_page(Login_SD.java:104)\r\n\tat ✽.Admin is in login page(file:///C:/Users/sreej/git/Frameworkstruture/Team17hackathon/src/test/resources/features/004_ForgotUsernamePwd.feature:4)\r\n"},"stage":"finished","steps":[{"name":"Given  Admin is in login page","status":"failed","statusDetails":{"known":false,"muted":false,"flaky":false,"message":"expected [Heroku | Application Error] but found [Please login to LMS application]","trace":"java.lang.AssertionError: expected [Heroku | Application Error] but found [Please login to LMS application]\r\n\tat org.testng.Assert.fail(Assert.java:97)\r\n\tat org.testng.Assert.assertEqualsImpl(Assert.java:136)\r\n\tat org.testng.Assert.assertEquals(Assert.java:118)\r\n\tat org.testng.Assert.assertEquals(Assert.java:575)\r\n\tat org.testng.Assert.assertEquals(Assert.java:585)\r\n\tat page_objects.LoginPage.validateLoginPage(LoginPage.java:51)\r\n\tat step_definitions.Login_SD.admin_is_in_login_page(Login_SD.java:104)\r\n\tat ✽.Admin is in login page(file:///C:/Users/sreej/git/Frameworkstruture/Team17hackathon/src/test/resources/features/004_ForgotUsernamePwd.feature:4)\r\n"},"stage":"finished","steps":[],"attachments":[],"parameters":[],"start":1694628106907,"stop":1694628106913},{"name":"When  Admin clicks forgot username or password link","status":"skipped","statusDetails":{"known":false,"muted":false,"flaky":false},"stage":"finished","steps":[],"attachments":[],"parameters":[],"start":1694628106914,"stop":1694628106914},{"name":"Then  Admin should see correct spellings in all fields","status":"skipped","statusDetails":{"known":false,"muted":false,"flaky":false},"stage":"finished","steps":[],"attachments":[],"parameters":[],"start":1694628106914,"stop":1694628106914}],"attachments":[],"parameters":[],"start":1694628106905,"stop":1694628106915}