{"uuid":"75b49995-23e6-446f-b215-df3ea5711418","historyId":"c7efb4525eccba1890a74597cf43a1d6","fullName":"Forgot username /password: Verify the alignment of the send link button","labels":[{"name":"tag","value":"AlignmentSendButton"},{"name":"host","value":"deepika-evo"},{"name":"thread","value":"32464@deepika-evo.main(1)"},{"name":"feature","value":"Forgot username /password"},{"name":"story","value":"Verify the alignment of the send link button"},{"name":"suite","value":"Forgot username /password"},{"name":"testClass","value":"Verify the alignment of the send link button"},{"name":"framework","value":"cucumber4jvm"},{"name":"language","value":"java"},{"name":"gherkin_uri","value":"file:///C:/Users/sreej/git/Frameworkstruture/Team17hackathon/src/test/resources/features/004_ForgotUsernamePwd.feature"},{"name":"package","value":"src.test.resources.features.004_ForgotUsernamePwd_feature.Forgot username /password"}],"links":[],"name":"Verify the alignment of the send link button","status":"failed","statusDetails":{"known":false,"muted":false,"flaky":false,"message":"expected [] but found [Please login to LMS application]","trace":"java.lang.AssertionError: expected [] but found [Please login to LMS application]\r\n\tat org.testng.Assert.fail(Assert.java:97)\r\n\tat org.testng.Assert.assertEqualsImpl(Assert.java:136)\r\n\tat org.testng.Assert.assertEquals(Assert.java:118)\r\n\tat org.testng.Assert.assertEquals(Assert.java:575)\r\n\tat org.testng.Assert.assertEquals(Assert.java:585)\r\n\tat page_objects.LoginPage.validateLoginPage(LoginPage.java:51)\r\n\tat step_definitions.Login_SD.admin_is_in_login_page(Login_SD.java:104)\r\n\tat ✽.Admin is in login page(file:///C:/Users/sreej/git/Frameworkstruture/Team17hackathon/src/test/resources/features/004_ForgotUsernamePwd.feature:4)\r\n"},"stage":"finished","steps":[{"name":"Given  Admin is in login page","status":"failed","statusDetails":{"known":false,"muted":false,"flaky":false,"message":"expected [] but found [Please login to LMS application]","trace":"java.lang.AssertionError: expected [] but found [Please login to LMS application]\r\n\tat org.testng.Assert.fail(Assert.java:97)\r\n\tat org.testng.Assert.assertEqualsImpl(Assert.java:136)\r\n\tat org.testng.Assert.assertEquals(Assert.java:118)\r\n\tat org.testng.Assert.assertEquals(Assert.java:575)\r\n\tat org.testng.Assert.assertEquals(Assert.java:585)\r\n\tat page_objects.LoginPage.validateLoginPage(LoginPage.java:51)\r\n\tat step_definitions.Login_SD.admin_is_in_login_page(Login_SD.java:104)\r\n\tat ✽.Admin is in login page(file:///C:/Users/sreej/git/Frameworkstruture/Team17hackathon/src/test/resources/features/004_ForgotUsernamePwd.feature:4)\r\n"},"stage":"finished","steps":[],"attachments":[],"parameters":[],"start":1694576042100,"stop":1694576042109},{"name":"When  Admin clicks forgot username or password link","status":"skipped","statusDetails":{"known":false,"muted":false,"flaky":false},"stage":"finished","steps":[],"attachments":[],"parameters":[],"start":1694576042109,"stop":1694576042110},{"name":"Then  Admin should see send link button in center of the page","status":"skipped","statusDetails":{"known":false,"muted":false,"flaky":false},"stage":"finished","steps":[],"attachments":[],"parameters":[],"start":1694576042110,"stop":1694576042111}],"attachments":[],"parameters":[],"start":1694576042098,"stop":1694576042111}