{"uuid":"b13c4e65-5789-47ae-9bf4-2a57888e6325","historyId":"d9f5faab6b6403930bcbaad57854547e","fullName":"Login Page Validation: validate login with empty values in both field","labels":[{"name":"tag","value":"LoginEmptyField"},{"name":"host","value":"deepika-evo"},{"name":"thread","value":"32464@deepika-evo.main(1)"},{"name":"feature","value":"Login Page Validation"},{"name":"story","value":"validate login with empty values in both field"},{"name":"suite","value":"Login Page Validation"},{"name":"testClass","value":"validate login with empty values in both field"},{"name":"framework","value":"cucumber4jvm"},{"name":"language","value":"java"},{"name":"gherkin_uri","value":"file:///C:/Users/sreej/git/Frameworkstruture/Team17hackathon/src/test/resources/features/003_LoginPage.feature"},{"name":"package","value":"src.test.resources.features.003_LoginPage_feature.Login Page Validation"}],"links":[],"name":"validate login with empty values in both field","status":"failed","statusDetails":{"known":false,"muted":false,"flaky":false,"message":"expected [] but found [Please login to LMS application]","trace":"java.lang.AssertionError: expected [] but found [Please login to LMS application]\r\n\tat org.testng.Assert.fail(Assert.java:97)\r\n\tat org.testng.Assert.assertEqualsImpl(Assert.java:136)\r\n\tat org.testng.Assert.assertEquals(Assert.java:118)\r\n\tat org.testng.Assert.assertEquals(Assert.java:575)\r\n\tat org.testng.Assert.assertEquals(Assert.java:585)\r\n\tat page_objects.LoginPage.validateLoginPage(LoginPage.java:51)\r\n\tat step_definitions.Login_SD.admin_is_in_login_page(Login_SD.java:104)\r\n\tat ✽.Admin is in login page(file:///C:/Users/sreej/git/Frameworkstruture/Team17hackathon/src/test/resources/features/003_LoginPage.feature:4)\r\n"},"stage":"finished","steps":[{"name":"Given  Admin is in login page","status":"failed","statusDetails":{"known":false,"muted":false,"flaky":false,"message":"expected [] but found [Please login to LMS application]","trace":"java.lang.AssertionError: expected [] but found [Please login to LMS application]\r\n\tat org.testng.Assert.fail(Assert.java:97)\r\n\tat org.testng.Assert.assertEqualsImpl(Assert.java:136)\r\n\tat org.testng.Assert.assertEquals(Assert.java:118)\r\n\tat org.testng.Assert.assertEquals(Assert.java:575)\r\n\tat org.testng.Assert.assertEquals(Assert.java:585)\r\n\tat page_objects.LoginPage.validateLoginPage(LoginPage.java:51)\r\n\tat step_definitions.Login_SD.admin_is_in_login_page(Login_SD.java:104)\r\n\tat ✽.Admin is in login page(file:///C:/Users/sreej/git/Frameworkstruture/Team17hackathon/src/test/resources/features/003_LoginPage.feature:4)\r\n"},"stage":"finished","steps":[],"attachments":[],"parameters":[],"start":1694576041844,"stop":1694576041853},{"name":"When  Admin clicks Login button with empty values in both columns","status":"skipped","statusDetails":{"known":false,"muted":false,"flaky":false},"stage":"finished","steps":[],"attachments":[],"parameters":[],"start":1694576041854,"stop":1694576041854},{"name":"Then  Error message please check username/password","status":"skipped","statusDetails":{"known":false,"muted":false,"flaky":false},"stage":"finished","steps":[],"attachments":[],"parameters":[],"start":1694576041854,"stop":1694576041855}],"attachments":[],"parameters":[],"start":1694576041840,"stop":1694576041855}