{"uuid":"b75cadc3-582d-4b3f-9e02-c579793a18a7","historyId":"b89bda09d9c5e479299933e881b925ce","fullName":"Forgot username /password: Verify send link button is present","labels":[{"name":"tag","value":"SendButton"},{"name":"host","value":"deepika-evo"},{"name":"thread","value":"2284@deepika-evo.main(1)"},{"name":"feature","value":"Forgot username /password"},{"name":"story","value":"Verify send link button is present"},{"name":"suite","value":"Forgot username /password"},{"name":"testClass","value":"Verify send link button is present"},{"name":"framework","value":"cucumber4jvm"},{"name":"language","value":"java"},{"name":"gherkin_uri","value":"file:///C:/Users/sreej/git/Frameworkstruture/Team17hackathon/src/test/resources/features/004_ForgotUsernamePwd.feature"},{"name":"package","value":"src.test.resources.features.004_ForgotUsernamePwd_feature.Forgot username /password"}],"links":[],"name":"Verify send link button is present","status":"failed","statusDetails":{"known":false,"muted":false,"flaky":false,"message":"expected [] but found [Please login to LMS application]","trace":"java.lang.AssertionError: expected [] but found [Please login to LMS application]\r\n\tat org.testng.Assert.fail(Assert.java:97)\r\n\tat org.testng.Assert.assertEqualsImpl(Assert.java:136)\r\n\tat org.testng.Assert.assertEquals(Assert.java:118)\r\n\tat org.testng.Assert.assertEquals(Assert.java:575)\r\n\tat org.testng.Assert.assertEquals(Assert.java:585)\r\n\tat page_objects.LoginPage.validateLoginPage(LoginPage.java:51)\r\n\tat step_definitions.Login_SD.admin_is_in_login_page(Login_SD.java:104)\r\n\tat ✽.Admin is in login page(file:///C:/Users/sreej/git/Frameworkstruture/Team17hackathon/src/test/resources/features/004_ForgotUsernamePwd.feature:4)\r\n"},"stage":"finished","steps":[{"name":"Given  Admin is in login page","status":"failed","statusDetails":{"known":false,"muted":false,"flaky":false,"message":"expected [] but found [Please login to LMS application]","trace":"java.lang.AssertionError: expected [] but found [Please login to LMS application]\r\n\tat org.testng.Assert.fail(Assert.java:97)\r\n\tat org.testng.Assert.assertEqualsImpl(Assert.java:136)\r\n\tat org.testng.Assert.assertEquals(Assert.java:118)\r\n\tat org.testng.Assert.assertEquals(Assert.java:575)\r\n\tat org.testng.Assert.assertEquals(Assert.java:585)\r\n\tat page_objects.LoginPage.validateLoginPage(LoginPage.java:51)\r\n\tat step_definitions.Login_SD.admin_is_in_login_page(Login_SD.java:104)\r\n\tat ✽.Admin is in login page(file:///C:/Users/sreej/git/Frameworkstruture/Team17hackathon/src/test/resources/features/004_ForgotUsernamePwd.feature:4)\r\n"},"stage":"finished","steps":[],"attachments":[],"parameters":[],"start":1694577128326,"stop":1694577128334},{"name":"When  Admin clicks forgot username or password link","status":"skipped","statusDetails":{"known":false,"muted":false,"flaky":false},"stage":"finished","steps":[],"attachments":[],"parameters":[],"start":1694577128334,"stop":1694577128334},{"name":"Then  Admin should see \"send Link\"  button","status":"skipped","statusDetails":{"known":false,"muted":false,"flaky":false},"stage":"finished","steps":[],"attachments":[],"parameters":[],"start":1694577128334,"stop":1694577128335}],"attachments":[],"parameters":[],"start":1694577128323,"stop":1694577128335}