{"uuid":"c1025077-19b6-4e94-b77a-9bec9c969827","historyId":"b335d3b4a86ea92103e3e82c837403ca","fullName":"Login Page Validation: Validate login with valid credentials in username","labels":[{"name":"tag","value":"LoginValidUser"},{"name":"host","value":"deepika-evo"},{"name":"thread","value":"2284@deepika-evo.main(1)"},{"name":"feature","value":"Login Page Validation"},{"name":"story","value":"Validate login with valid credentials in username"},{"name":"suite","value":"Login Page Validation"},{"name":"testClass","value":"Validate login with valid credentials in username"},{"name":"framework","value":"cucumber4jvm"},{"name":"language","value":"java"},{"name":"gherkin_uri","value":"file:///C:/Users/sreej/git/Frameworkstruture/Team17hackathon/src/test/resources/features/003_LoginPage.feature"},{"name":"package","value":"src.test.resources.features.003_LoginPage_feature.Login Page Validation"}],"links":[],"name":"Validate login with valid credentials in username","status":"failed","statusDetails":{"known":false,"muted":false,"flaky":false,"message":"expected [] but found [Please login to LMS application]","trace":"java.lang.AssertionError: expected [] but found [Please login to LMS application]\r\n\tat org.testng.Assert.fail(Assert.java:97)\r\n\tat org.testng.Assert.assertEqualsImpl(Assert.java:136)\r\n\tat org.testng.Assert.assertEquals(Assert.java:118)\r\n\tat org.testng.Assert.assertEquals(Assert.java:575)\r\n\tat org.testng.Assert.assertEquals(Assert.java:585)\r\n\tat page_objects.LoginPage.validateLoginPage(LoginPage.java:51)\r\n\tat step_definitions.Login_SD.admin_is_in_login_page(Login_SD.java:104)\r\n\tat ✽.Admin is in login page(file:///C:/Users/sreej/git/Frameworkstruture/Team17hackathon/src/test/resources/features/003_LoginPage.feature:4)\r\n"},"stage":"finished","steps":[{"name":"Given  Admin is in login page","status":"failed","statusDetails":{"known":false,"muted":false,"flaky":false,"message":"expected [] but found [Please login to LMS application]","trace":"java.lang.AssertionError: expected [] but found [Please login to LMS application]\r\n\tat org.testng.Assert.fail(Assert.java:97)\r\n\tat org.testng.Assert.assertEqualsImpl(Assert.java:136)\r\n\tat org.testng.Assert.assertEquals(Assert.java:118)\r\n\tat org.testng.Assert.assertEquals(Assert.java:575)\r\n\tat org.testng.Assert.assertEquals(Assert.java:585)\r\n\tat page_objects.LoginPage.validateLoginPage(LoginPage.java:51)\r\n\tat step_definitions.Login_SD.admin_is_in_login_page(Login_SD.java:104)\r\n\tat ✽.Admin is in login page(file:///C:/Users/sreej/git/Frameworkstruture/Team17hackathon/src/test/resources/features/003_LoginPage.feature:4)\r\n"},"stage":"finished","steps":[],"attachments":[],"parameters":[],"start":1694577128050,"stop":1694577128059},{"name":"When  Admin enter valid username  and clicks login button","status":"skipped","statusDetails":{"known":false,"muted":false,"flaky":false},"stage":"finished","steps":[],"attachments":[],"parameters":[],"start":1694577128060,"stop":1694577128060},{"name":"Then  Error message please check password","status":"skipped","statusDetails":{"known":false,"muted":false,"flaky":false},"stage":"finished","steps":[],"attachments":[],"parameters":[],"start":1694577128060,"stop":1694577128061}],"attachments":[],"parameters":[],"start":1694577128047,"stop":1694577128062}