{"uuid":"c316a918-6298-4170-a79c-13360348b49d","historyId":"32d355c71597ae9b11b42302209c8790","fullName":"Login Page Validation: Validate login with blank username credentials","labels":[{"name":"tag","value":"LoginBlankUname"},{"name":"host","value":"deepika-evo"},{"name":"thread","value":"36540@deepika-evo.main(1)"},{"name":"feature","value":"Login Page Validation"},{"name":"story","value":"Validate login with blank username credentials"},{"name":"suite","value":"Login Page Validation"},{"name":"testClass","value":"Validate login with blank username credentials"},{"name":"framework","value":"cucumber4jvm"},{"name":"language","value":"java"},{"name":"gherkin_uri","value":"file:///C:/Users/sreej/git/Frameworkstruture/Team17hackathon/src/test/resources/features/003_LoginPage.feature"},{"name":"package","value":"src.test.resources.features.003_LoginPage_feature.Login Page Validation"}],"links":[],"name":"Validate login with blank username credentials","status":"failed","statusDetails":{"known":false,"muted":false,"flaky":false,"message":"expected [Heroku | Application Error] but found [Please login to LMS application]","trace":"java.lang.AssertionError: expected [Heroku | Application Error] but found [Please login to LMS application]\r\n\tat org.testng.Assert.fail(Assert.java:97)\r\n\tat org.testng.Assert.assertEqualsImpl(Assert.java:136)\r\n\tat org.testng.Assert.assertEquals(Assert.java:118)\r\n\tat org.testng.Assert.assertEquals(Assert.java:575)\r\n\tat org.testng.Assert.assertEquals(Assert.java:585)\r\n\tat page_objects.LoginPage.validateLoginPage(LoginPage.java:51)\r\n\tat step_definitions.Login_SD.admin_is_in_login_page(Login_SD.java:104)\r\n\tat ✽.Admin is in login page(file:///C:/Users/sreej/git/Frameworkstruture/Team17hackathon/src/test/resources/features/003_LoginPage.feature:4)\r\n"},"stage":"finished","steps":[{"name":"Given  Admin is in login page","status":"failed","statusDetails":{"known":false,"muted":false,"flaky":false,"message":"expected [Heroku | Application Error] but found [Please login to LMS application]","trace":"java.lang.AssertionError: expected [Heroku | Application Error] but found [Please login to LMS application]\r\n\tat org.testng.Assert.fail(Assert.java:97)\r\n\tat org.testng.Assert.assertEqualsImpl(Assert.java:136)\r\n\tat org.testng.Assert.assertEquals(Assert.java:118)\r\n\tat org.testng.Assert.assertEquals(Assert.java:575)\r\n\tat org.testng.Assert.assertEquals(Assert.java:585)\r\n\tat page_objects.LoginPage.validateLoginPage(LoginPage.java:51)\r\n\tat step_definitions.Login_SD.admin_is_in_login_page(Login_SD.java:104)\r\n\tat ✽.Admin is in login page(file:///C:/Users/sreej/git/Frameworkstruture/Team17hackathon/src/test/resources/features/003_LoginPage.feature:4)\r\n"},"stage":"finished","steps":[],"attachments":[],"parameters":[],"start":1694628106755,"stop":1694628106761},{"name":"When  Admin enter blank in username   and clicks login button","status":"skipped","statusDetails":{"known":false,"muted":false,"flaky":false},"stage":"finished","steps":[],"attachments":[],"parameters":[],"start":1694628106762,"stop":1694628106762},{"name":"Then  Error message please check username/password","status":"skipped","statusDetails":{"known":false,"muted":false,"flaky":false},"stage":"finished","steps":[],"attachments":[],"parameters":[],"start":1694628106763,"stop":1694628106763}],"attachments":[],"parameters":[],"start":1694628106753,"stop":1694628106763}