{"uuid":"ca3a7473-66e3-4bfc-9325-0c28eeb67670","historyId":"cf53b48063900e21028d22c5a63e6e11","fullName":"Forgot username /password: verify broken link","labels":[{"name":"tag","value":"BrockenLink"},{"name":"host","value":"deepika-evo"},{"name":"thread","value":"36540@deepika-evo.main(1)"},{"name":"feature","value":"Forgot username /password"},{"name":"story","value":"verify broken link"},{"name":"suite","value":"Forgot username /password"},{"name":"testClass","value":"verify broken link"},{"name":"framework","value":"cucumber4jvm"},{"name":"language","value":"java"},{"name":"gherkin_uri","value":"file:///C:/Users/sreej/git/Frameworkstruture/Team17hackathon/src/test/resources/features/004_ForgotUsernamePwd.feature"},{"name":"package","value":"src.test.resources.features.004_ForgotUsernamePwd_feature.Forgot username /password"}],"links":[],"name":"verify broken link","status":"failed","statusDetails":{"known":false,"muted":false,"flaky":false,"message":"expected [Heroku | Application Error] but found [Please login to LMS application]","trace":"java.lang.AssertionError: expected [Heroku | Application Error] but found [Please login to LMS application]\r\n\tat org.testng.Assert.fail(Assert.java:97)\r\n\tat org.testng.Assert.assertEqualsImpl(Assert.java:136)\r\n\tat org.testng.Assert.assertEquals(Assert.java:118)\r\n\tat org.testng.Assert.assertEquals(Assert.java:575)\r\n\tat org.testng.Assert.assertEquals(Assert.java:585)\r\n\tat page_objects.LoginPage.validateLoginPage(LoginPage.java:51)\r\n\tat step_definitions.Login_SD.admin_is_in_login_page(Login_SD.java:104)\r\n\tat âœ½.Admin is in login page(file:///C:/Users/sreej/git/Frameworkstruture/Team17hackathon/src/test/resources/features/004_ForgotUsernamePwd.feature:4)\r\n"},"stage":"finished","steps":[{"name":"Given  Admin is in login page","status":"failed","statusDetails":{"known":false,"muted":false,"flaky":false,"message":"expected [Heroku | Application Error] but found [Please login to LMS application]","trace":"java.lang.AssertionError: expected [Heroku | Application Error] but found [Please login to LMS application]\r\n\tat org.testng.Assert.fail(Assert.java:97)\r\n\tat org.testng.Assert.assertEqualsImpl(Assert.java:136)\r\n\tat org.testng.Assert.assertEquals(Assert.java:118)\r\n\tat org.testng.Assert.assertEquals(Assert.java:575)\r\n\tat org.testng.Assert.assertEquals(Assert.java:585)\r\n\tat page_objects.LoginPage.validateLoginPage(LoginPage.java:51)\r\n\tat step_definitions.Login_SD.admin_is_in_login_page(Login_SD.java:104)\r\n\tat âœ½.Admin is in login page(file:///C:/Users/sreej/git/Frameworkstruture/Team17hackathon/src/test/resources/features/004_ForgotUsernamePwd.feature:4)\r\n"},"stage":"finished","steps":[],"attachments":[],"parameters":[],"start":1694628106839,"stop":1694628106843},{"name":"When  Admin clicks forgot username or password link","status":"skipped","statusDetails":{"known":false,"muted":false,"flaky":false},"stage":"finished","steps":[],"attachments":[],"parameters":[],"start":1694628106843,"stop":1694628106843},{"name":"Then  HTTP response >= 400","status":"skipped","statusDetails":{"known":false,"muted":false,"flaky":false},"stage":"finished","steps":[],"attachments":[],"parameters":[],"start":1694628106843,"stop":1694628106843},{"name":"Then  the link is broken","status":"skipped","statusDetails":{"known":false,"muted":false,"flaky":false},"stage":"finished","steps":[],"attachments":[],"parameters":[],"start":1694628106843,"stop":1694628106843}],"attachments":[],"parameters":[],"start":1694628106837,"stop":1694628106843}