{"uuid":"d1b6777d-4506-468f-93d7-9b5d031e5369","historyId":"5d39b8ca0a7a3d55b14052d96ec59186","fullName":"Forgot username /password: Verify asterik near Email text","labels":[{"name":"tag","value":"AsterikEmail"},{"name":"host","value":"deepika-evo"},{"name":"thread","value":"32464@deepika-evo.main(1)"},{"name":"feature","value":"Forgot username /password"},{"name":"story","value":"Verify asterik near Email text"},{"name":"suite","value":"Forgot username /password"},{"name":"testClass","value":"Verify asterik near Email text"},{"name":"framework","value":"cucumber4jvm"},{"name":"language","value":"java"},{"name":"gherkin_uri","value":"file:///C:/Users/sreej/git/Frameworkstruture/Team17hackathon/src/test/resources/features/004_ForgotUsernamePwd.feature"},{"name":"package","value":"src.test.resources.features.004_ForgotUsernamePwd_feature.Forgot username /password"}],"links":[],"name":"Verify asterik near Email text","status":"failed","statusDetails":{"known":false,"muted":false,"flaky":false,"message":"expected [] but found [Please login to LMS application]","trace":"java.lang.AssertionError: expected [] but found [Please login to LMS application]\r\n\tat org.testng.Assert.fail(Assert.java:97)\r\n\tat org.testng.Assert.assertEqualsImpl(Assert.java:136)\r\n\tat org.testng.Assert.assertEquals(Assert.java:118)\r\n\tat org.testng.Assert.assertEquals(Assert.java:575)\r\n\tat org.testng.Assert.assertEquals(Assert.java:585)\r\n\tat page_objects.LoginPage.validateLoginPage(LoginPage.java:51)\r\n\tat step_definitions.Login_SD.admin_is_in_login_page(Login_SD.java:104)\r\n\tat ✽.Admin is in login page(file:///C:/Users/sreej/git/Frameworkstruture/Team17hackathon/src/test/resources/features/004_ForgotUsernamePwd.feature:4)\r\n"},"stage":"finished","steps":[{"name":"Given  Admin is in login page","status":"failed","statusDetails":{"known":false,"muted":false,"flaky":false,"message":"expected [] but found [Please login to LMS application]","trace":"java.lang.AssertionError: expected [] but found [Please login to LMS application]\r\n\tat org.testng.Assert.fail(Assert.java:97)\r\n\tat org.testng.Assert.assertEqualsImpl(Assert.java:136)\r\n\tat org.testng.Assert.assertEquals(Assert.java:118)\r\n\tat org.testng.Assert.assertEquals(Assert.java:575)\r\n\tat org.testng.Assert.assertEquals(Assert.java:585)\r\n\tat page_objects.LoginPage.validateLoginPage(LoginPage.java:51)\r\n\tat step_definitions.Login_SD.admin_is_in_login_page(Login_SD.java:104)\r\n\tat ✽.Admin is in login page(file:///C:/Users/sreej/git/Frameworkstruture/Team17hackathon/src/test/resources/features/004_ForgotUsernamePwd.feature:4)\r\n"},"stage":"finished","steps":[],"attachments":[],"parameters":[],"start":1694576042052,"stop":1694576042059},{"name":"When  Admin clicks forgot username or password link","status":"skipped","statusDetails":{"known":false,"muted":false,"flaky":false},"stage":"finished","steps":[],"attachments":[],"parameters":[],"start":1694576042060,"stop":1694576042061},{"name":"Then  Admin should see asterik symbol need Email","status":"skipped","statusDetails":{"known":false,"muted":false,"flaky":false},"stage":"finished","steps":[],"attachments":[],"parameters":[],"start":1694576042061,"stop":1694576042062}],"attachments":[],"parameters":[],"start":1694576042050,"stop":1694576042063}