{"uuid":"e0c5e326-86b5-44fc-afec-9b87456318c8","historyId":"a294605f2dda75e46bc4ba334c4da74","fullName":"Login Page Validation: Validate login with invalid credentials","labels":[{"name":"tag","value":"LoginInvalid"},{"name":"host","value":"deepika-evo"},{"name":"thread","value":"36540@deepika-evo.main(1)"},{"name":"feature","value":"Login Page Validation"},{"name":"story","value":"Validate login with invalid credentials"},{"name":"suite","value":"Login Page Validation"},{"name":"testClass","value":"Validate login with invalid credentials"},{"name":"framework","value":"cucumber4jvm"},{"name":"language","value":"java"},{"name":"gherkin_uri","value":"file:///C:/Users/sreej/git/Frameworkstruture/Team17hackathon/src/test/resources/features/003_LoginPage.feature"},{"name":"package","value":"src.test.resources.features.003_LoginPage_feature.Login Page Validation"}],"links":[],"name":"Validate login with invalid credentials","status":"failed","statusDetails":{"known":false,"muted":false,"flaky":false,"message":"expected [Heroku | Application Error] but found [Please login to LMS application]","trace":"java.lang.AssertionError: expected [Heroku | Application Error] but found [Please login to LMS application]\r\n\tat org.testng.Assert.fail(Assert.java:97)\r\n\tat org.testng.Assert.assertEqualsImpl(Assert.java:136)\r\n\tat org.testng.Assert.assertEquals(Assert.java:118)\r\n\tat org.testng.Assert.assertEquals(Assert.java:575)\r\n\tat org.testng.Assert.assertEquals(Assert.java:585)\r\n\tat page_objects.LoginPage.validateLoginPage(LoginPage.java:51)\r\n\tat step_definitions.Login_SD.admin_is_in_login_page(Login_SD.java:104)\r\n\tat ✽.Admin is in login page(file:///C:/Users/sreej/git/Frameworkstruture/Team17hackathon/src/test/resources/features/003_LoginPage.feature:4)\r\n"},"stage":"finished","steps":[{"name":"Given  Admin is in login page","status":"failed","statusDetails":{"known":false,"muted":false,"flaky":false,"message":"expected [Heroku | Application Error] but found [Please login to LMS application]","trace":"java.lang.AssertionError: expected [Heroku | Application Error] but found [Please login to LMS application]\r\n\tat org.testng.Assert.fail(Assert.java:97)\r\n\tat org.testng.Assert.assertEqualsImpl(Assert.java:136)\r\n\tat org.testng.Assert.assertEquals(Assert.java:118)\r\n\tat org.testng.Assert.assertEquals(Assert.java:575)\r\n\tat org.testng.Assert.assertEquals(Assert.java:585)\r\n\tat page_objects.LoginPage.validateLoginPage(LoginPage.java:51)\r\n\tat step_definitions.Login_SD.admin_is_in_login_page(Login_SD.java:104)\r\n\tat ✽.Admin is in login page(file:///C:/Users/sreej/git/Frameworkstruture/Team17hackathon/src/test/resources/features/003_LoginPage.feature:4)\r\n"},"stage":"finished","steps":[],"attachments":[],"parameters":[],"start":1694628106701,"stop":1694628106707},{"name":"When  Admin enter invalid credentials  and clicks login button","status":"skipped","statusDetails":{"known":false,"muted":false,"flaky":false},"stage":"finished","steps":[],"attachments":[],"parameters":[],"start":1694628106707,"stop":1694628106708},{"name":"Then  Error message please check username/password","status":"skipped","statusDetails":{"known":false,"muted":false,"flaky":false},"stage":"finished","steps":[],"attachments":[],"parameters":[],"start":1694628106708,"stop":1694628106708}],"attachments":[],"parameters":[],"start":1694628106699,"stop":1694628106709}